<?xml version="1.0" encoding="UTF-8"?>
<coverage generated="1759767647125" clover="3.2.0">
  <project timestamp="1759767647125" name="All files">
    <metrics statements="91" coveredstatements="68" conditionals="48" coveredconditionals="30" methods="18" coveredmethods="13" elements="157" coveredelements="111" complexity="0" loc="91" ncloc="91" packages="1" files="1" classes="1"/>
    <file name="server.js" path="D:\My_Github\employee-management-system\server.js">
      <metrics statements="91" coveredstatements="68" conditionals="48" coveredconditionals="30" methods="18" coveredmethods="13"/>
      <line num="1" count="1" type="stmt"/>
      <line num="2" count="1" type="stmt"/>
      <line num="3" count="1" type="stmt"/>
      <line num="4" count="1" type="stmt"/>
      <line num="6" count="1" type="stmt"/>
      <line num="7" count="1" type="cond" truecount="2" falsecount="0"/>
      <line num="10" count="1" type="stmt"/>
      <line num="11" count="1" type="stmt"/>
      <line num="13" count="1" type="cond" truecount="1" falsecount="1"/>
      <line num="14" count="1" type="stmt"/>
      <line num="17" count="1" type="stmt"/>
      <line num="18" count="1" type="stmt"/>
      <line num="29" count="1" type="stmt"/>
      <line num="30" count="20" type="stmt"/>
      <line num="33" count="20" type="cond" truecount="5" falsecount="0"/>
      <line num="34" count="3" type="stmt"/>
      <line num="38" count="17" type="cond" truecount="5" falsecount="0"/>
      <line num="39" count="1" type="stmt"/>
      <line num="43" count="16" type="stmt"/>
      <line num="44" count="16" type="cond" truecount="2" falsecount="0"/>
      <line num="45" count="5" type="stmt"/>
      <line num="48" count="11" type="stmt"/>
      <line num="52" count="1" type="stmt"/>
      <line num="53" count="3" type="stmt"/>
      <line num="54" count="3" type="stmt"/>
      <line num="55" count="3" type="stmt"/>
      <line num="57" count="3" type="cond" truecount="2" falsecount="0"/>
      <line num="58" count="2" type="stmt"/>
      <line num="59" count="2" type="stmt"/>
      <line num="60" count="2" type="stmt"/>
      <line num="63" count="3" type="stmt"/>
      <line num="65" count="3" type="stmt"/>
      <line num="66" count="3" type="cond" truecount="1" falsecount="1"/>
      <line num="67" count="0" type="stmt"/>
      <line num="69" count="3" type="stmt"/>
      <line num="74" count="1" type="stmt"/>
      <line num="75" count="1" type="stmt"/>
      <line num="77" count="1" type="stmt"/>
      <line num="78" count="1" type="cond" truecount="1" falsecount="1"/>
      <line num="79" count="0" type="stmt"/>
      <line num="81" count="1" type="cond" truecount="1" falsecount="1"/>
      <line num="82" count="1" type="stmt"/>
      <line num="84" count="0" type="stmt"/>
      <line num="88" count="1" type="stmt"/>
      <line num="89" count="10" type="stmt"/>
      <line num="91" count="10" type="stmt"/>
      <line num="95" count="10" type="cond" truecount="2" falsecount="0"/>
      <line num="96" count="6" type="cond" truecount="1" falsecount="1"/>
      <line num="97" count="6" type="stmt"/>
      <line num="99" count="0" type="stmt"/>
      <line num="103" count="4" type="stmt"/>
      <line num="104" count="4" type="cond" truecount="1" falsecount="1"/>
      <line num="105" count="0" type="stmt"/>
      <line num="107" count="4" type="stmt"/>
      <line num="113" count="1" type="stmt"/>
      <line num="114" count="1" type="stmt"/>
      <line num="115" count="1" type="stmt"/>
      <line num="117" count="1" type="stmt"/>
      <line num="121" count="1" type="cond" truecount="1" falsecount="1"/>
      <line num="122" count="0" type="cond" truecount="0" falsecount="2"/>
      <line num="123" count="0" type="stmt"/>
      <line num="125" count="0" type="stmt"/>
      <line num="128" count="1" type="cond" truecount="1" falsecount="1"/>
      <line num="129" count="1" type="stmt"/>
      <line num="132" count="0" type="stmt"/>
      <line num="133" count="0" type="cond" truecount="0" falsecount="2"/>
      <line num="134" count="0" type="stmt"/>
      <line num="136" count="0" type="stmt"/>
      <line num="142" count="1" type="stmt"/>
      <line num="143" count="1" type="stmt"/>
      <line num="145" count="1" type="stmt"/>
      <line num="146" count="1" type="cond" truecount="1" falsecount="1"/>
      <line num="147" count="0" type="stmt"/>
      <line num="150" count="1" type="cond" truecount="1" falsecount="1"/>
      <line num="151" count="1" type="stmt"/>
      <line num="154" count="0" type="stmt"/>
      <line num="159" count="1" type="stmt"/>
      <line num="161" count="1" type="stmt"/>
      <line num="162" count="0" type="stmt"/>
      <line num="166" count="1" type="cond" truecount="1" falsecount="1"/>
      <line num="167" count="0" type="stmt"/>
      <line num="168" count="0" type="stmt"/>
      <line num="173" count="1" type="cond" truecount="1" falsecount="1"/>
      <line num="174" count="0" type="stmt"/>
      <line num="175" count="0" type="stmt"/>
      <line num="176" count="0" type="cond" truecount="0" falsecount="2"/>
      <line num="177" count="0" type="stmt"/>
      <line num="179" count="0" type="stmt"/>
      <line num="180" count="0" type="stmt"/>
      <line num="185" count="1" type="stmt"/>
      <line num="186" count="1" type="stmt"/>
    </file>
  </project>
</coverage>
