{"D:\\My_Github\\employee-management-system\\server.js": {"path":"D:\\My_Github\\employee-management-system\\server.js","statementMap":{"0":{"start":{"line":1,"column":16},"end":{"line":1,"column":34}},"1":{"start":{"line":2,"column":16},"end":{"line":2,"column":44}},"2":{"start":{"line":3,"column":13},"end":{"line":3,"column":28}},"3":{"start":{"line":4,"column":13},"end":{"line":4,"column":28}},"4":{"start":{"line":6,"column":12},"end":{"line":6,"column":21}},"5":{"start":{"line":7,"column":13},"end":{"line":7,"column":37}},"6":{"start":{"line":10,"column":0},"end":{"line":10,"column":16}},"7":{"start":{"line":11,"column":0},"end":{"line":11,"column":24}},"8":{"start":{"line":13,"column":15},"end":{"line":13,"column":78}},"9":{"start":{"line":14,"column":11},"end":{"line":14,"column":39}},"10":{"start":{"line":17,"column":0},"end":{"line":27,"column":3}},"11":{"start":{"line":18,"column":2},"end":{"line":26,"column":5}},"12":{"start":{"line":29,"column":25},"end":{"line":49,"column":1}},"13":{"start":{"line":30,"column":36},"end":{"line":30,"column":44}},"14":{"start":{"line":33,"column":2},"end":{"line":35,"column":3}},"15":{"start":{"line":34,"column":4},"end":{"line":34,"column":85}},"16":{"start":{"line":38,"column":2},"end":{"line":40,"column":3}},"17":{"start":{"line":39,"column":4},"end":{"line":39,"column":88}},"18":{"start":{"line":43,"column":21},"end":{"line":43,"column":49}},"19":{"start":{"line":44,"column":2},"end":{"line":46,"column":3}},"20":{"start":{"line":45,"column":4},"end":{"line":45,"column":67}},"21":{"start":{"line":48,"column":2},"end":{"line":48,"column":9}},"22":{"start":{"line":52,"column":0},"end":{"line":71,"column":3}},"23":{"start":{"line":53,"column":21},"end":{"line":53,"column":30}},"24":{"start":{"line":54,"column":12},"end":{"line":54,"column":37}},"25":{"start":{"line":55,"column":15},"end":{"line":55,"column":17}},"26":{"start":{"line":57,"column":2},"end":{"line":61,"column":3}},"27":{"start":{"line":58,"column":4},"end":{"line":58,"column":67}},"28":{"start":{"line":59,"column":26},"end":{"line":59,"column":39}},"29":{"start":{"line":60,"column":4},"end":{"line":60,"column":59}},"30":{"start":{"line":63,"column":2},"end":{"line":63,"column":37}},"31":{"start":{"line":65,"column":2},"end":{"line":70,"column":5}},"32":{"start":{"line":66,"column":4},"end":{"line":68,"column":5}},"33":{"start":{"line":67,"column":6},"end":{"line":67,"column":58}},"34":{"start":{"line":69,"column":4},"end":{"line":69,"column":19}},"35":{"start":{"line":74,"column":0},"end":{"line":86,"column":3}},"36":{"start":{"line":75,"column":17},"end":{"line":75,"column":27}},"37":{"start":{"line":77,"column":2},"end":{"line":85,"column":5}},"38":{"start":{"line":78,"column":4},"end":{"line":80,"column":5}},"39":{"start":{"line":79,"column":6},"end":{"line":79,"column":58}},"40":{"start":{"line":81,"column":4},"end":{"line":83,"column":5}},"41":{"start":{"line":82,"column":6},"end":{"line":82,"column":67}},"42":{"start":{"line":84,"column":4},"end":{"line":84,"column":18}},"43":{"start":{"line":88,"column":0},"end":{"line":111,"column":3}},"44":{"start":{"line":89,"column":36},"end":{"line":89,"column":44}},"45":{"start":{"line":91,"column":2},"end":{"line":110,"column":4}},"46":{"start":{"line":95,"column":6},"end":{"line":100,"column":7}},"47":{"start":{"line":96,"column":8},"end":{"line":98,"column":9}},"48":{"start":{"line":97,"column":10},"end":{"line":97,"column":73}},"49":{"start":{"line":99,"column":8},"end":{"line":99,"column":60}},"50":{"start":{"line":103,"column":6},"end":{"line":108,"column":9}},"51":{"start":{"line":104,"column":8},"end":{"line":106,"column":9}},"52":{"start":{"line":105,"column":10},"end":{"line":105,"column":62}},"53":{"start":{"line":107,"column":8},"end":{"line":107,"column":34}},"54":{"start":{"line":113,"column":0},"end":{"line":140,"column":3}},"55":{"start":{"line":114,"column":17},"end":{"line":114,"column":27}},"56":{"start":{"line":115,"column":36},"end":{"line":115,"column":44}},"57":{"start":{"line":117,"column":2},"end":{"line":139,"column":4}},"58":{"start":{"line":121,"column":6},"end":{"line":126,"column":7}},"59":{"start":{"line":122,"column":8},"end":{"line":124,"column":9}},"60":{"start":{"line":123,"column":10},"end":{"line":123,"column":73}},"61":{"start":{"line":125,"column":8},"end":{"line":125,"column":60}},"62":{"start":{"line":128,"column":6},"end":{"line":130,"column":7}},"63":{"start":{"line":129,"column":8},"end":{"line":129,"column":69}},"64":{"start":{"line":132,"column":6},"end":{"line":137,"column":9}},"65":{"start":{"line":133,"column":8},"end":{"line":135,"column":9}},"66":{"start":{"line":134,"column":10},"end":{"line":134,"column":62}},"67":{"start":{"line":136,"column":8},"end":{"line":136,"column":22}},"68":{"start":{"line":142,"column":0},"end":{"line":156,"column":3}},"69":{"start":{"line":143,"column":17},"end":{"line":143,"column":27}},"70":{"start":{"line":145,"column":2},"end":{"line":155,"column":5}},"71":{"start":{"line":146,"column":4},"end":{"line":148,"column":5}},"72":{"start":{"line":147,"column":6},"end":{"line":147,"column":58}},"73":{"start":{"line":150,"column":4},"end":{"line":152,"column":5}},"74":{"start":{"line":151,"column":6},"end":{"line":151,"column":67}},"75":{"start":{"line":154,"column":4},"end":{"line":154,"column":59}},"76":{"start":{"line":159,"column":0},"end":{"line":159,"column":34}},"77":{"start":{"line":161,"column":0},"end":{"line":163,"column":3}},"78":{"start":{"line":162,"column":2},"end":{"line":162,"column":60}},"79":{"start":{"line":166,"column":0},"end":{"line":170,"column":1}},"80":{"start":{"line":167,"column":2},"end":{"line":169,"column":5}},"81":{"start":{"line":168,"column":4},"end":{"line":168,"column":62}},"82":{"start":{"line":173,"column":0},"end":{"line":183,"column":1}},"83":{"start":{"line":174,"column":2},"end":{"line":182,"column":5}},"84":{"start":{"line":175,"column":4},"end":{"line":181,"column":7}},"85":{"start":{"line":176,"column":6},"end":{"line":178,"column":7}},"86":{"start":{"line":177,"column":8},"end":{"line":177,"column":35}},"87":{"start":{"line":179,"column":6},"end":{"line":179,"column":49}},"88":{"start":{"line":180,"column":6},"end":{"line":180,"column":22}},"89":{"start":{"line":185,"column":0},"end":{"line":185,"column":21}},"90":{"start":{"line":186,"column":0},"end":{"line":186,"column":23}}},"fnMap":{"0":{"name":"(anonymous_0)","decl":{"start":{"line":17,"column":13},"end":{"line":17,"column":14}},"loc":{"start":{"line":17,"column":19},"end":{"line":27,"column":1}},"line":17},"1":{"name":"(anonymous_1)","decl":{"start":{"line":29,"column":25},"end":{"line":29,"column":26}},"loc":{"start":{"line":29,"column":45},"end":{"line":49,"column":1}},"line":29},"2":{"name":"(anonymous_2)","decl":{"start":{"line":52,"column":26},"end":{"line":52,"column":27}},"loc":{"start":{"line":52,"column":40},"end":{"line":71,"column":1}},"line":52},"3":{"name":"(anonymous_3)","decl":{"start":{"line":65,"column":22},"end":{"line":65,"column":23}},"loc":{"start":{"line":65,"column":37},"end":{"line":70,"column":3}},"line":65},"4":{"name":"(anonymous_4)","decl":{"start":{"line":74,"column":30},"end":{"line":74,"column":31}},"loc":{"start":{"line":74,"column":44},"end":{"line":86,"column":1}},"line":74},"5":{"name":"(anonymous_5)","decl":{"start":{"line":77,"column":55},"end":{"line":77,"column":56}},"loc":{"start":{"line":77,"column":69},"end":{"line":85,"column":3}},"line":77},"6":{"name":"(anonymous_6)","decl":{"start":{"line":88,"column":45},"end":{"line":88,"column":46}},"loc":{"start":{"line":88,"column":59},"end":{"line":111,"column":1}},"line":88},"7":{"name":"(anonymous_7)","decl":{"start":{"line":94,"column":4},"end":{"line":94,"column":5}},"loc":{"start":{"line":94,"column":18},"end":{"line":109,"column":5}},"line":94},"8":{"name":"(anonymous_8)","decl":{"start":{"line":103,"column":68},"end":{"line":103,"column":69}},"loc":{"start":{"line":103,"column":82},"end":{"line":108,"column":7}},"line":103},"9":{"name":"(anonymous_9)","decl":{"start":{"line":113,"column":48},"end":{"line":113,"column":49}},"loc":{"start":{"line":113,"column":62},"end":{"line":140,"column":1}},"line":113},"10":{"name":"(anonymous_10)","decl":{"start":{"line":120,"column":4},"end":{"line":120,"column":5}},"loc":{"start":{"line":120,"column":18},"end":{"line":138,"column":5}},"line":120},"11":{"name":"(anonymous_11)","decl":{"start":{"line":132,"column":59},"end":{"line":132,"column":60}},"loc":{"start":{"line":132,"column":73},"end":{"line":137,"column":7}},"line":132},"12":{"name":"(anonymous_12)","decl":{"start":{"line":142,"column":33},"end":{"line":142,"column":34}},"loc":{"start":{"line":142,"column":47},"end":{"line":156,"column":1}},"line":142},"13":{"name":"(anonymous_13)","decl":{"start":{"line":145,"column":53},"end":{"line":145,"column":54}},"loc":{"start":{"line":145,"column":67},"end":{"line":155,"column":3}},"line":145},"14":{"name":"(anonymous_14)","decl":{"start":{"line":161,"column":18},"end":{"line":161,"column":19}},"loc":{"start":{"line":161,"column":32},"end":{"line":163,"column":1}},"line":161},"15":{"name":"(anonymous_15)","decl":{"start":{"line":167,"column":19},"end":{"line":167,"column":20}},"loc":{"start":{"line":167,"column":25},"end":{"line":169,"column":3}},"line":167},"16":{"name":"(anonymous_16)","decl":{"start":{"line":174,"column":23},"end":{"line":174,"column":24}},"loc":{"start":{"line":174,"column":29},"end":{"line":182,"column":3}},"line":174},"17":{"name":"(anonymous_17)","decl":{"start":{"line":175,"column":13},"end":{"line":175,"column":14}},"loc":{"start":{"line":175,"column":22},"end":{"line":181,"column":5}},"line":175}},"branchMap":{"0":{"loc":{"start":{"line":7,"column":13},"end":{"line":7,"column":37}},"type":"binary-expr","locations":[{"start":{"line":7,"column":13},"end":{"line":7,"column":29}},{"start":{"line":7,"column":33},"end":{"line":7,"column":37}}],"line":7},"1":{"loc":{"start":{"line":13,"column":15},"end":{"line":13,"column":78}},"type":"cond-expr","locations":[{"start":{"line":13,"column":49},"end":{"line":13,"column":59}},{"start":{"line":13,"column":62},"end":{"line":13,"column":78}}],"line":13},"2":{"loc":{"start":{"line":33,"column":2},"end":{"line":35,"column":3}},"type":"if","locations":[{"start":{"line":33,"column":2},"end":{"line":35,"column":3}},{"start":{},"end":{}}],"line":33},"3":{"loc":{"start":{"line":33,"column":6},"end":{"line":33,"column":34}},"type":"binary-expr","locations":[{"start":{"line":33,"column":6},"end":{"line":33,"column":11}},{"start":{"line":33,"column":15},"end":{"line":33,"column":21}},{"start":{"line":33,"column":25},"end":{"line":33,"column":34}}],"line":33},"4":{"loc":{"start":{"line":38,"column":2},"end":{"line":40,"column":3}},"type":"if","locations":[{"start":{"line":38,"column":2},"end":{"line":40,"column":3}},{"start":{},"end":{}}],"line":38},"5":{"loc":{"start":{"line":38,"column":6},"end":{"line":38,"column":55}},"type":"binary-expr","locations":[{"start":{"line":38,"column":6},"end":{"line":38,"column":18}},{"start":{"line":38,"column":22},"end":{"line":38,"column":35}},{"start":{"line":38,"column":39},"end":{"line":38,"column":55}}],"line":38},"6":{"loc":{"start":{"line":44,"column":2},"end":{"line":46,"column":3}},"type":"if","locations":[{"start":{"line":44,"column":2},"end":{"line":46,"column":3}},{"start":{},"end":{}}],"line":44},"7":{"loc":{"start":{"line":57,"column":2},"end":{"line":61,"column":3}},"type":"if","locations":[{"start":{"line":57,"column":2},"end":{"line":61,"column":3}},{"start":{},"end":{}}],"line":57},"8":{"loc":{"start":{"line":66,"column":4},"end":{"line":68,"column":5}},"type":"if","locations":[{"start":{"line":66,"column":4},"end":{"line":68,"column":5}},{"start":{},"end":{}}],"line":66},"9":{"loc":{"start":{"line":78,"column":4},"end":{"line":80,"column":5}},"type":"if","locations":[{"start":{"line":78,"column":4},"end":{"line":80,"column":5}},{"start":{},"end":{}}],"line":78},"10":{"loc":{"start":{"line":81,"column":4},"end":{"line":83,"column":5}},"type":"if","locations":[{"start":{"line":81,"column":4},"end":{"line":83,"column":5}},{"start":{},"end":{}}],"line":81},"11":{"loc":{"start":{"line":95,"column":6},"end":{"line":100,"column":7}},"type":"if","locations":[{"start":{"line":95,"column":6},"end":{"line":100,"column":7}},{"start":{},"end":{}}],"line":95},"12":{"loc":{"start":{"line":96,"column":8},"end":{"line":98,"column":9}},"type":"if","locations":[{"start":{"line":96,"column":8},"end":{"line":98,"column":9}},{"start":{},"end":{}}],"line":96},"13":{"loc":{"start":{"line":104,"column":8},"end":{"line":106,"column":9}},"type":"if","locations":[{"start":{"line":104,"column":8},"end":{"line":106,"column":9}},{"start":{},"end":{}}],"line":104},"14":{"loc":{"start":{"line":121,"column":6},"end":{"line":126,"column":7}},"type":"if","locations":[{"start":{"line":121,"column":6},"end":{"line":126,"column":7}},{"start":{},"end":{}}],"line":121},"15":{"loc":{"start":{"line":122,"column":8},"end":{"line":124,"column":9}},"type":"if","locations":[{"start":{"line":122,"column":8},"end":{"line":124,"column":9}},{"start":{},"end":{}}],"line":122},"16":{"loc":{"start":{"line":128,"column":6},"end":{"line":130,"column":7}},"type":"if","locations":[{"start":{"line":128,"column":6},"end":{"line":130,"column":7}},{"start":{},"end":{}}],"line":128},"17":{"loc":{"start":{"line":133,"column":8},"end":{"line":135,"column":9}},"type":"if","locations":[{"start":{"line":133,"column":8},"end":{"line":135,"column":9}},{"start":{},"end":{}}],"line":133},"18":{"loc":{"start":{"line":146,"column":4},"end":{"line":148,"column":5}},"type":"if","locations":[{"start":{"line":146,"column":4},"end":{"line":148,"column":5}},{"start":{},"end":{}}],"line":146},"19":{"loc":{"start":{"line":150,"column":4},"end":{"line":152,"column":5}},"type":"if","locations":[{"start":{"line":150,"column":4},"end":{"line":152,"column":5}},{"start":{},"end":{}}],"line":150},"20":{"loc":{"start":{"line":166,"column":0},"end":{"line":170,"column":1}},"type":"if","locations":[{"start":{"line":166,"column":0},"end":{"line":170,"column":1}},{"start":{},"end":{}}],"line":166},"21":{"loc":{"start":{"line":173,"column":0},"end":{"line":183,"column":1}},"type":"if","locations":[{"start":{"line":173,"column":0},"end":{"line":183,"column":1}},{"start":{},"end":{}}],"line":173},"22":{"loc":{"start":{"line":176,"column":6},"end":{"line":178,"column":7}},"type":"if","locations":[{"start":{"line":176,"column":6},"end":{"line":178,"column":7}},{"start":{},"end":{}}],"line":176}},"s":{"0":1,"1":1,"2":1,"3":1,"4":1,"5":1,"6":1,"7":1,"8":1,"9":1,"10":1,"11":1,"12":1,"13":20,"14":20,"15":3,"16":17,"17":1,"18":16,"19":16,"20":5,"21":11,"22":1,"23":3,"24":3,"25":3,"26":3,"27":2,"28":2,"29":2,"30":3,"31":3,"32":3,"33":0,"34":3,"35":1,"36":1,"37":1,"38":1,"39":0,"40":1,"41":1,"42":0,"43":1,"44":10,"45":10,"46":10,"47":6,"48":6,"49":0,"50":4,"51":4,"52":0,"53":4,"54":1,"55":1,"56":1,"57":1,"58":1,"59":0,"60":0,"61":0,"62":1,"63":1,"64":0,"65":0,"66":0,"67":0,"68":1,"69":1,"70":1,"71":1,"72":0,"73":1,"74":1,"75":0,"76":1,"77":1,"78":0,"79":1,"80":0,"81":0,"82":1,"83":0,"84":0,"85":0,"86":0,"87":0,"88":0,"89":1,"90":1},"f":{"0":1,"1":20,"2":3,"3":3,"4":1,"5":1,"6":10,"7":10,"8":4,"9":1,"10":1,"11":0,"12":1,"13":1,"14":0,"15":0,"16":0,"17":0},"b":{"0":[1,1],"1":[1,0],"2":[3,17],"3":[20,19,17],"4":[1,16],"5":[17,16,16],"6":[5,11],"7":[2,1],"8":[0,3],"9":[0,1],"10":[1,0],"11":[6,4],"12":[6,0],"13":[0,4],"14":[0,1],"15":[0,0],"16":[1,0],"17":[0,0],"18":[0,1],"19":[1,0],"20":[0,1],"21":[0,1],"22":[0,0]},"_coverageSchema":"1a1c01bbd47fc00a2c39e90264f33305004495a9","hash":"af315021305ec7528089e9783329a04714055dd8"}
}
