{"D:\\My_Github\\employee-management-system\\server.js": {"path":"D:\\My_Github\\employee-management-system\\server.js","statementMap":{"0":{"start":{"line":1,"column":16},"end":{"line":1,"column":34}},"1":{"start":{"line":2,"column":16},"end":{"line":2,"column":44}},"2":{"start":{"line":3,"column":13},"end":{"line":3,"column":28}},"3":{"start":{"line":4,"column":13},"end":{"line":4,"column":28}},"4":{"start":{"line":6,"column":12},"end":{"line":6,"column":21}},"5":{"start":{"line":7,"column":13},"end":{"line":7,"column":37}},"6":{"start":{"line":10,"column":0},"end":{"line":10,"column":16}},"7":{"start":{"line":11,"column":0},"end":{"line":11,"column":24}},"8":{"start":{"line":14,"column":15},"end":{"line":14,"column":78}},"9":{"start":{"line":15,"column":11},"end":{"line":15,"column":39}},"10":{"start":{"line":18,"column":0},"end":{"line":28,"column":3}},"11":{"start":{"line":19,"column":2},"end":{"line":27,"column":5}},"12":{"start":{"line":31,"column":25},"end":{"line":51,"column":1}},"13":{"start":{"line":32,"column":36},"end":{"line":32,"column":44}},"14":{"start":{"line":35,"column":2},"end":{"line":37,"column":3}},"15":{"start":{"line":36,"column":4},"end":{"line":36,"column":85}},"16":{"start":{"line":40,"column":2},"end":{"line":42,"column":3}},"17":{"start":{"line":41,"column":4},"end":{"line":41,"column":88}},"18":{"start":{"line":45,"column":21},"end":{"line":45,"column":49}},"19":{"start":{"line":46,"column":2},"end":{"line":48,"column":3}},"20":{"start":{"line":47,"column":4},"end":{"line":47,"column":67}},"21":{"start":{"line":50,"column":2},"end":{"line":50,"column":9}},"22":{"start":{"line":56,"column":0},"end":{"line":75,"column":3}},"23":{"start":{"line":57,"column":21},"end":{"line":57,"column":30}},"24":{"start":{"line":58,"column":12},"end":{"line":58,"column":37}},"25":{"start":{"line":59,"column":15},"end":{"line":59,"column":17}},"26":{"start":{"line":61,"column":2},"end":{"line":65,"column":3}},"27":{"start":{"line":62,"column":4},"end":{"line":62,"column":67}},"28":{"start":{"line":63,"column":26},"end":{"line":63,"column":39}},"29":{"start":{"line":64,"column":4},"end":{"line":64,"column":59}},"30":{"start":{"line":67,"column":2},"end":{"line":67,"column":37}},"31":{"start":{"line":69,"column":2},"end":{"line":74,"column":5}},"32":{"start":{"line":70,"column":4},"end":{"line":72,"column":5}},"33":{"start":{"line":71,"column":6},"end":{"line":71,"column":58}},"34":{"start":{"line":73,"column":4},"end":{"line":73,"column":19}},"35":{"start":{"line":78,"column":0},"end":{"line":90,"column":3}},"36":{"start":{"line":79,"column":17},"end":{"line":79,"column":27}},"37":{"start":{"line":81,"column":2},"end":{"line":89,"column":5}},"38":{"start":{"line":82,"column":4},"end":{"line":84,"column":5}},"39":{"start":{"line":83,"column":6},"end":{"line":83,"column":58}},"40":{"start":{"line":85,"column":4},"end":{"line":87,"column":5}},"41":{"start":{"line":86,"column":6},"end":{"line":86,"column":67}},"42":{"start":{"line":88,"column":4},"end":{"line":88,"column":18}},"43":{"start":{"line":93,"column":0},"end":{"line":116,"column":3}},"44":{"start":{"line":94,"column":36},"end":{"line":94,"column":44}},"45":{"start":{"line":96,"column":2},"end":{"line":115,"column":4}},"46":{"start":{"line":100,"column":6},"end":{"line":105,"column":7}},"47":{"start":{"line":101,"column":8},"end":{"line":103,"column":9}},"48":{"start":{"line":102,"column":10},"end":{"line":102,"column":73}},"49":{"start":{"line":104,"column":8},"end":{"line":104,"column":60}},"50":{"start":{"line":108,"column":6},"end":{"line":113,"column":9}},"51":{"start":{"line":109,"column":8},"end":{"line":111,"column":9}},"52":{"start":{"line":110,"column":10},"end":{"line":110,"column":62}},"53":{"start":{"line":112,"column":8},"end":{"line":112,"column":34}},"54":{"start":{"line":119,"column":0},"end":{"line":147,"column":3}},"55":{"start":{"line":120,"column":17},"end":{"line":120,"column":27}},"56":{"start":{"line":121,"column":36},"end":{"line":121,"column":44}},"57":{"start":{"line":123,"column":2},"end":{"line":146,"column":4}},"58":{"start":{"line":127,"column":6},"end":{"line":132,"column":7}},"59":{"start":{"line":128,"column":8},"end":{"line":130,"column":9}},"60":{"start":{"line":129,"column":10},"end":{"line":129,"column":73}},"61":{"start":{"line":131,"column":8},"end":{"line":131,"column":60}},"62":{"start":{"line":134,"column":6},"end":{"line":136,"column":7}},"63":{"start":{"line":135,"column":8},"end":{"line":135,"column":69}},"64":{"start":{"line":139,"column":6},"end":{"line":144,"column":9}},"65":{"start":{"line":140,"column":8},"end":{"line":142,"column":9}},"66":{"start":{"line":141,"column":10},"end":{"line":141,"column":62}},"67":{"start":{"line":143,"column":8},"end":{"line":143,"column":22}},"68":{"start":{"line":150,"column":0},"end":{"line":164,"column":3}},"69":{"start":{"line":151,"column":17},"end":{"line":151,"column":27}},"70":{"start":{"line":153,"column":2},"end":{"line":163,"column":5}},"71":{"start":{"line":154,"column":4},"end":{"line":156,"column":5}},"72":{"start":{"line":155,"column":6},"end":{"line":155,"column":58}},"73":{"start":{"line":158,"column":4},"end":{"line":160,"column":5}},"74":{"start":{"line":159,"column":6},"end":{"line":159,"column":67}},"75":{"start":{"line":162,"column":4},"end":{"line":162,"column":59}},"76":{"start":{"line":167,"column":0},"end":{"line":167,"column":34}},"77":{"start":{"line":170,"column":0},"end":{"line":172,"column":3}},"78":{"start":{"line":171,"column":2},"end":{"line":171,"column":60}},"79":{"start":{"line":175,"column":0},"end":{"line":179,"column":1}},"80":{"start":{"line":176,"column":2},"end":{"line":178,"column":5}},"81":{"start":{"line":177,"column":4},"end":{"line":177,"column":62}},"82":{"start":{"line":182,"column":0},"end":{"line":192,"column":1}},"83":{"start":{"line":183,"column":2},"end":{"line":191,"column":5}},"84":{"start":{"line":184,"column":4},"end":{"line":190,"column":7}},"85":{"start":{"line":185,"column":6},"end":{"line":187,"column":7}},"86":{"start":{"line":186,"column":8},"end":{"line":186,"column":35}},"87":{"start":{"line":188,"column":6},"end":{"line":188,"column":49}},"88":{"start":{"line":189,"column":6},"end":{"line":189,"column":22}},"89":{"start":{"line":195,"column":0},"end":{"line":195,"column":21}},"90":{"start":{"line":196,"column":0},"end":{"line":196,"column":23}}},"fnMap":{"0":{"name":"(anonymous_0)","decl":{"start":{"line":18,"column":13},"end":{"line":18,"column":14}},"loc":{"start":{"line":18,"column":19},"end":{"line":28,"column":1}},"line":18},"1":{"name":"(anonymous_1)","decl":{"start":{"line":31,"column":25},"end":{"line":31,"column":26}},"loc":{"start":{"line":31,"column":45},"end":{"line":51,"column":1}},"line":31},"2":{"name":"(anonymous_2)","decl":{"start":{"line":56,"column":26},"end":{"line":56,"column":27}},"loc":{"start":{"line":56,"column":40},"end":{"line":75,"column":1}},"line":56},"3":{"name":"(anonymous_3)","decl":{"start":{"line":69,"column":22},"end":{"line":69,"column":23}},"loc":{"start":{"line":69,"column":37},"end":{"line":74,"column":3}},"line":69},"4":{"name":"(anonymous_4)","decl":{"start":{"line":78,"column":30},"end":{"line":78,"column":31}},"loc":{"start":{"line":78,"column":44},"end":{"line":90,"column":1}},"line":78},"5":{"name":"(anonymous_5)","decl":{"start":{"line":81,"column":55},"end":{"line":81,"column":56}},"loc":{"start":{"line":81,"column":69},"end":{"line":89,"column":3}},"line":81},"6":{"name":"(anonymous_6)","decl":{"start":{"line":93,"column":45},"end":{"line":93,"column":46}},"loc":{"start":{"line":93,"column":59},"end":{"line":116,"column":1}},"line":93},"7":{"name":"(anonymous_7)","decl":{"start":{"line":99,"column":4},"end":{"line":99,"column":5}},"loc":{"start":{"line":99,"column":18},"end":{"line":114,"column":5}},"line":99},"8":{"name":"(anonymous_8)","decl":{"start":{"line":108,"column":68},"end":{"line":108,"column":69}},"loc":{"start":{"line":108,"column":82},"end":{"line":113,"column":7}},"line":108},"9":{"name":"(anonymous_9)","decl":{"start":{"line":119,"column":48},"end":{"line":119,"column":49}},"loc":{"start":{"line":119,"column":62},"end":{"line":147,"column":1}},"line":119},"10":{"name":"(anonymous_10)","decl":{"start":{"line":126,"column":4},"end":{"line":126,"column":5}},"loc":{"start":{"line":126,"column":18},"end":{"line":145,"column":5}},"line":126},"11":{"name":"(anonymous_11)","decl":{"start":{"line":139,"column":59},"end":{"line":139,"column":60}},"loc":{"start":{"line":139,"column":73},"end":{"line":144,"column":7}},"line":139},"12":{"name":"(anonymous_12)","decl":{"start":{"line":150,"column":33},"end":{"line":150,"column":34}},"loc":{"start":{"line":150,"column":47},"end":{"line":164,"column":1}},"line":150},"13":{"name":"(anonymous_13)","decl":{"start":{"line":153,"column":53},"end":{"line":153,"column":54}},"loc":{"start":{"line":153,"column":67},"end":{"line":163,"column":3}},"line":153},"14":{"name":"(anonymous_14)","decl":{"start":{"line":170,"column":18},"end":{"line":170,"column":19}},"loc":{"start":{"line":170,"column":32},"end":{"line":172,"column":1}},"line":170},"15":{"name":"(anonymous_15)","decl":{"start":{"line":176,"column":19},"end":{"line":176,"column":20}},"loc":{"start":{"line":176,"column":25},"end":{"line":178,"column":3}},"line":176},"16":{"name":"(anonymous_16)","decl":{"start":{"line":183,"column":23},"end":{"line":183,"column":24}},"loc":{"start":{"line":183,"column":29},"end":{"line":191,"column":3}},"line":183},"17":{"name":"(anonymous_17)","decl":{"start":{"line":184,"column":13},"end":{"line":184,"column":14}},"loc":{"start":{"line":184,"column":22},"end":{"line":190,"column":5}},"line":184}},"branchMap":{"0":{"loc":{"start":{"line":7,"column":13},"end":{"line":7,"column":37}},"type":"binary-expr","locations":[{"start":{"line":7,"column":13},"end":{"line":7,"column":29}},{"start":{"line":7,"column":33},"end":{"line":7,"column":37}}],"line":7},"1":{"loc":{"start":{"line":14,"column":15},"end":{"line":14,"column":78}},"type":"cond-expr","locations":[{"start":{"line":14,"column":49},"end":{"line":14,"column":59}},{"start":{"line":14,"column":62},"end":{"line":14,"column":78}}],"line":14},"2":{"loc":{"start":{"line":35,"column":2},"end":{"line":37,"column":3}},"type":"if","locations":[{"start":{"line":35,"column":2},"end":{"line":37,"column":3}},{"start":{},"end":{}}],"line":35},"3":{"loc":{"start":{"line":35,"column":6},"end":{"line":35,"column":34}},"type":"binary-expr","locations":[{"start":{"line":35,"column":6},"end":{"line":35,"column":11}},{"start":{"line":35,"column":15},"end":{"line":35,"column":21}},{"start":{"line":35,"column":25},"end":{"line":35,"column":34}}],"line":35},"4":{"loc":{"start":{"line":40,"column":2},"end":{"line":42,"column":3}},"type":"if","locations":[{"start":{"line":40,"column":2},"end":{"line":42,"column":3}},{"start":{},"end":{}}],"line":40},"5":{"loc":{"start":{"line":40,"column":6},"end":{"line":40,"column":55}},"type":"binary-expr","locations":[{"start":{"line":40,"column":6},"end":{"line":40,"column":18}},{"start":{"line":40,"column":22},"end":{"line":40,"column":35}},{"start":{"line":40,"column":39},"end":{"line":40,"column":55}}],"line":40},"6":{"loc":{"start":{"line":46,"column":2},"end":{"line":48,"column":3}},"type":"if","locations":[{"start":{"line":46,"column":2},"end":{"line":48,"column":3}},{"start":{},"end":{}}],"line":46},"7":{"loc":{"start":{"line":61,"column":2},"end":{"line":65,"column":3}},"type":"if","locations":[{"start":{"line":61,"column":2},"end":{"line":65,"column":3}},{"start":{},"end":{}}],"line":61},"8":{"loc":{"start":{"line":70,"column":4},"end":{"line":72,"column":5}},"type":"if","locations":[{"start":{"line":70,"column":4},"end":{"line":72,"column":5}},{"start":{},"end":{}}],"line":70},"9":{"loc":{"start":{"line":82,"column":4},"end":{"line":84,"column":5}},"type":"if","locations":[{"start":{"line":82,"column":4},"end":{"line":84,"column":5}},{"start":{},"end":{}}],"line":82},"10":{"loc":{"start":{"line":85,"column":4},"end":{"line":87,"column":5}},"type":"if","locations":[{"start":{"line":85,"column":4},"end":{"line":87,"column":5}},{"start":{},"end":{}}],"line":85},"11":{"loc":{"start":{"line":100,"column":6},"end":{"line":105,"column":7}},"type":"if","locations":[{"start":{"line":100,"column":6},"end":{"line":105,"column":7}},{"start":{},"end":{}}],"line":100},"12":{"loc":{"start":{"line":101,"column":8},"end":{"line":103,"column":9}},"type":"if","locations":[{"start":{"line":101,"column":8},"end":{"line":103,"column":9}},{"start":{},"end":{}}],"line":101},"13":{"loc":{"start":{"line":109,"column":8},"end":{"line":111,"column":9}},"type":"if","locations":[{"start":{"line":109,"column":8},"end":{"line":111,"column":9}},{"start":{},"end":{}}],"line":109},"14":{"loc":{"start":{"line":127,"column":6},"end":{"line":132,"column":7}},"type":"if","locations":[{"start":{"line":127,"column":6},"end":{"line":132,"column":7}},{"start":{},"end":{}}],"line":127},"15":{"loc":{"start":{"line":128,"column":8},"end":{"line":130,"column":9}},"type":"if","locations":[{"start":{"line":128,"column":8},"end":{"line":130,"column":9}},{"start":{},"end":{}}],"line":128},"16":{"loc":{"start":{"line":134,"column":6},"end":{"line":136,"column":7}},"type":"if","locations":[{"start":{"line":134,"column":6},"end":{"line":136,"column":7}},{"start":{},"end":{}}],"line":134},"17":{"loc":{"start":{"line":140,"column":8},"end":{"line":142,"column":9}},"type":"if","locations":[{"start":{"line":140,"column":8},"end":{"line":142,"column":9}},{"start":{},"end":{}}],"line":140},"18":{"loc":{"start":{"line":154,"column":4},"end":{"line":156,"column":5}},"type":"if","locations":[{"start":{"line":154,"column":4},"end":{"line":156,"column":5}},{"start":{},"end":{}}],"line":154},"19":{"loc":{"start":{"line":158,"column":4},"end":{"line":160,"column":5}},"type":"if","locations":[{"start":{"line":158,"column":4},"end":{"line":160,"column":5}},{"start":{},"end":{}}],"line":158},"20":{"loc":{"start":{"line":175,"column":0},"end":{"line":179,"column":1}},"type":"if","locations":[{"start":{"line":175,"column":0},"end":{"line":179,"column":1}},{"start":{},"end":{}}],"line":175},"21":{"loc":{"start":{"line":182,"column":0},"end":{"line":192,"column":1}},"type":"if","locations":[{"start":{"line":182,"column":0},"end":{"line":192,"column":1}},{"start":{},"end":{}}],"line":182},"22":{"loc":{"start":{"line":185,"column":6},"end":{"line":187,"column":7}},"type":"if","locations":[{"start":{"line":185,"column":6},"end":{"line":187,"column":7}},{"start":{},"end":{}}],"line":185}},"s":{"0":1,"1":1,"2":1,"3":1,"4":1,"5":1,"6":1,"7":1,"8":1,"9":1,"10":1,"11":1,"12":1,"13":20,"14":20,"15":3,"16":17,"17":1,"18":16,"19":16,"20":5,"21":11,"22":1,"23":3,"24":3,"25":3,"26":3,"27":2,"28":2,"29":2,"30":3,"31":3,"32":3,"33":0,"34":3,"35":1,"36":1,"37":1,"38":1,"39":0,"40":1,"41":1,"42":0,"43":1,"44":10,"45":10,"46":10,"47":6,"48":6,"49":0,"50":4,"51":4,"52":0,"53":4,"54":1,"55":1,"56":1,"57":1,"58":1,"59":0,"60":0,"61":0,"62":1,"63":1,"64":0,"65":0,"66":0,"67":0,"68":1,"69":1,"70":1,"71":1,"72":0,"73":1,"74":1,"75":0,"76":1,"77":1,"78":0,"79":1,"80":0,"81":0,"82":1,"83":0,"84":0,"85":0,"86":0,"87":0,"88":0,"89":1,"90":1},"f":{"0":1,"1":20,"2":3,"3":3,"4":1,"5":1,"6":10,"7":10,"8":4,"9":1,"10":1,"11":0,"12":1,"13":1,"14":0,"15":0,"16":0,"17":0},"b":{"0":[1,1],"1":[1,0],"2":[3,17],"3":[20,19,17],"4":[1,16],"5":[17,16,16],"6":[5,11],"7":[2,1],"8":[0,3],"9":[0,1],"10":[1,0],"11":[6,4],"12":[6,0],"13":[0,4],"14":[0,1],"15":[0,0],"16":[1,0],"17":[0,0],"18":[0,1],"19":[1,0],"20":[0,1],"21":[0,1],"22":[0,0]},"_coverageSchema":"1a1c01bbd47fc00a2c39e90264f33305004495a9","hash":"af709c272e12e6676268832a6c206b9f9331d8b2"}
}
