TN:
SF:server.js
FN:18,(anonymous_0)
FN:31,(anonymous_1)
FN:56,(anonymous_2)
FN:69,(anonymous_3)
FN:78,(anonymous_4)
FN:81,(anonymous_5)
FN:93,(anonymous_6)
FN:99,(anonymous_7)
FN:108,(anonymous_8)
FN:119,(anonymous_9)
FN:126,(anonymous_10)
FN:139,(anonymous_11)
FN:150,(anonymous_12)
FN:153,(anonymous_13)
FN:170,(anonymous_14)
FN:176,(anonymous_15)
FN:183,(anonymous_16)
FN:184,(anonymous_17)
FNF:18
FNH:13
FNDA:1,(anonymous_0)
FNDA:20,(anonymous_1)
FNDA:3,(anonymous_2)
FNDA:3,(anonymous_3)
FNDA:1,(anonymous_4)
FNDA:1,(anonymous_5)
FNDA:10,(anonymous_6)
FNDA:10,(anonymous_7)
FNDA:4,(anonymous_8)
FNDA:1,(anonymous_9)
FNDA:1,(anonymous_10)
FNDA:0,(anonymous_11)
FNDA:1,(anonymous_12)
FNDA:1,(anonymous_13)
FNDA:0,(anonymous_14)
FNDA:0,(anonymous_15)
FNDA:0,(anonymous_16)
FNDA:0,(anonymous_17)
DA:1,1
DA:2,1
DA:3,1
DA:4,1
DA:6,1
DA:7,1
DA:10,1
DA:11,1
DA:14,1
DA:15,1
DA:18,1
DA:19,1
DA:31,1
DA:32,20
DA:35,20
DA:36,3
DA:40,17
DA:41,1
DA:45,16
DA:46,16
DA:47,5
DA:50,11
DA:56,1
DA:57,3
DA:58,3
DA:59,3
DA:61,3
DA:62,2
DA:63,2
DA:64,2
DA:67,3
DA:69,3
DA:70,3
DA:71,0
DA:73,3
DA:78,1
DA:79,1
DA:81,1
DA:82,1
DA:83,0
DA:85,1
DA:86,1
DA:88,0
DA:93,1
DA:94,10
DA:96,10
DA:100,10
DA:101,6
DA:102,6
DA:104,0
DA:108,4
DA:109,4
DA:110,0
DA:112,4
DA:119,1
DA:120,1
DA:121,1
DA:123,1
DA:127,1
DA:128,0
DA:129,0
DA:131,0
DA:134,1
DA:135,1
DA:139,0
DA:140,0
DA:141,0
DA:143,0
DA:150,1
DA:151,1
DA:153,1
DA:154,1
DA:155,0
DA:158,1
DA:159,1
DA:162,0
DA:167,1
DA:170,1
DA:171,0
DA:175,1
DA:176,0
DA:177,0
DA:182,1
DA:183,0
DA:184,0
DA:185,0
DA:186,0
DA:188,0
DA:189,0
DA:195,1
DA:196,1
LF:91
LH:68
BRDA:7,0,0,1
BRDA:7,0,1,1
BRDA:14,1,0,1
BRDA:14,1,1,0
BRDA:35,2,0,3
BRDA:35,2,1,17
BRDA:35,3,0,20
BRDA:35,3,1,19
BRDA:35,3,2,17
BRDA:40,4,0,1
BRDA:40,4,1,16
BRDA:40,5,0,17
BRDA:40,5,1,16
BRDA:40,5,2,16
BRDA:46,6,0,5
BRDA:46,6,1,11
BRDA:61,7,0,2
BRDA:61,7,1,1
BRDA:70,8,0,0
BRDA:70,8,1,3
BRDA:82,9,0,0
BRDA:82,9,1,1
BRDA:85,10,0,1
BRDA:85,10,1,0
BRDA:100,11,0,6
BRDA:100,11,1,4
BRDA:101,12,0,6
BRDA:101,12,1,0
BRDA:109,13,0,0
BRDA:109,13,1,4
BRDA:127,14,0,0
BRDA:127,14,1,1
BRDA:128,15,0,0
BRDA:128,15,1,0
BRDA:134,16,0,1
BRDA:134,16,1,0
BRDA:140,17,0,0
BRDA:140,17,1,0
BRDA:154,18,0,0
BRDA:154,18,1,1
BRDA:158,19,0,1
BRDA:158,19,1,0
BRDA:175,20,0,0
BRDA:175,20,1,1
BRDA:182,21,0,0
BRDA:182,21,1,1
BRDA:185,22,0,0
BRDA:185,22,1,0
BRF:48
BRH:30
end_of_record
