TN:
SF:server.js
FN:17,(anonymous_0)
FN:29,(anonymous_1)
FN:52,(anonymous_2)
FN:65,(anonymous_3)
FN:74,(anonymous_4)
FN:77,(anonymous_5)
FN:88,(anonymous_6)
FN:94,(anonymous_7)
FN:103,(anonymous_8)
FN:113,(anonymous_9)
FN:120,(anonymous_10)
FN:132,(anonymous_11)
FN:142,(anonymous_12)
FN:145,(anonymous_13)
FN:161,(anonymous_14)
FN:167,(anonymous_15)
FN:174,(anonymous_16)
FN:175,(anonymous_17)
FNF:18
FNH:13
FNDA:1,(anonymous_0)
FNDA:20,(anonymous_1)
FNDA:3,(anonymous_2)
FNDA:3,(anonymous_3)
FNDA:1,(anonymous_4)
FNDA:1,(anonymous_5)
FNDA:10,(anonymous_6)
FNDA:10,(anonymous_7)
FNDA:4,(anonymous_8)
FNDA:1,(anonymous_9)
FNDA:1,(anonymous_10)
FNDA:0,(anonymous_11)
FNDA:1,(anonymous_12)
FNDA:1,(anonymous_13)
FNDA:0,(anonymous_14)
FNDA:0,(anonymous_15)
FNDA:0,(anonymous_16)
FNDA:0,(anonymous_17)
DA:1,1
DA:2,1
DA:3,1
DA:4,1
DA:6,1
DA:7,1
DA:10,1
DA:11,1
DA:13,1
DA:14,1
DA:17,1
DA:18,1
DA:29,1
DA:30,20
DA:33,20
DA:34,3
DA:38,17
DA:39,1
DA:43,16
DA:44,16
DA:45,5
DA:48,11
DA:52,1
DA:53,3
DA:54,3
DA:55,3
DA:57,3
DA:58,2
DA:59,2
DA:60,2
DA:63,3
DA:65,3
DA:66,3
DA:67,0
DA:69,3
DA:74,1
DA:75,1
DA:77,1
DA:78,1
DA:79,0
DA:81,1
DA:82,1
DA:84,0
DA:88,1
DA:89,10
DA:91,10
DA:95,10
DA:96,6
DA:97,6
DA:99,0
DA:103,4
DA:104,4
DA:105,0
DA:107,4
DA:113,1
DA:114,1
DA:115,1
DA:117,1
DA:121,1
DA:122,0
DA:123,0
DA:125,0
DA:128,1
DA:129,1
DA:132,0
DA:133,0
DA:134,0
DA:136,0
DA:142,1
DA:143,1
DA:145,1
DA:146,1
DA:147,0
DA:150,1
DA:151,1
DA:154,0
DA:159,1
DA:161,1
DA:162,0
DA:166,1
DA:167,0
DA:168,0
DA:173,1
DA:174,0
DA:175,0
DA:176,0
DA:177,0
DA:179,0
DA:180,0
DA:185,1
DA:186,1
LF:91
LH:68
BRDA:7,0,0,1
BRDA:7,0,1,1
BRDA:13,1,0,1
BRDA:13,1,1,0
BRDA:33,2,0,3
BRDA:33,2,1,17
BRDA:33,3,0,20
BRDA:33,3,1,19
BRDA:33,3,2,17
BRDA:38,4,0,1
BRDA:38,4,1,16
BRDA:38,5,0,17
BRDA:38,5,1,16
BRDA:38,5,2,16
BRDA:44,6,0,5
BRDA:44,6,1,11
BRDA:57,7,0,2
BRDA:57,7,1,1
BRDA:66,8,0,0
BRDA:66,8,1,3
BRDA:78,9,0,0
BRDA:78,9,1,1
BRDA:81,10,0,1
BRDA:81,10,1,0
BRDA:95,11,0,6
BRDA:95,11,1,4
BRDA:96,12,0,6
BRDA:96,12,1,0
BRDA:104,13,0,0
BRDA:104,13,1,4
BRDA:121,14,0,0
BRDA:121,14,1,1
BRDA:122,15,0,0
BRDA:122,15,1,0
BRDA:128,16,0,1
BRDA:128,16,1,0
BRDA:133,17,0,0
BRDA:133,17,1,0
BRDA:146,18,0,0
BRDA:146,18,1,1
BRDA:150,19,0,1
BRDA:150,19,1,0
BRDA:166,20,0,0
BRDA:166,20,1,1
BRDA:173,21,0,0
BRDA:173,21,1,1
BRDA:176,22,0,0
BRDA:176,22,1,0
BRF:48
BRH:30
end_of_record
